2023-07-25 15:07:06 INFO  HomePage :31 - click On LoginLink [[ChromeDriver: chrome on windows (6f16fca2558768792eb854b884350a93)] -> xpath: //a[normalize-space()='Log in']]
2023-07-25 15:07:862 INFO  LoginPage :37 - get Welcome Text [[ChromeDriver: chrome on windows (6f16fca2558768792eb854b884350a93)] -> xpath: //h1[contains(text(),'Welcome, Please Sign In!')]]
2023-07-25 15:07:391 INFO  HomePage :31 - click On LoginLink [[ChromeDriver: chrome on windows (585c1dfb0dc1e812de9b4612930ac1f0)] -> xpath: //a[normalize-space()='Log in']]
2023-07-25 15:07:327 INFO  LoginPage :37 - get Welcome Text [[ChromeDriver: chrome on windows (585c1dfb0dc1e812de9b4612930ac1f0)] -> xpath: //h1[contains(text(),'Welcome, Please Sign In!')]]
2023-07-25 17:07:130 INFO  HomePage :59 - select All Menu Proxy element for: DefaultElementLocator 'By.xpath: //div[@class='result']'
2023-07-25 17:07:24 INFO  HomePage :59 - select All Menu Proxy element for: DefaultElementLocator 'By.xpath: //div[@class='result']'
2023-07-25 17:07:921 INFO  HomePage :59 - select All Menu Proxy element for: DefaultElementLocator 'By.xpath: //div[@class='result']'
2023-07-25 17:07:273 INFO  HomePage :49 - click On Register Tab [[ChromeDriver: chrome on windows (05731060aa953c5b0145d54aef7a0262)] -> xpath: //a[normalize-space()='Register']]
2023-07-25 17:07:168 INFO  RegisterPage :71 - Select Gender [[ChromeDriver: chrome on windows (05731060aa953c5b0145d54aef7a0262)] -> xpath: //input[@id='gender-female']]
2023-07-25 17:07:396 INFO  RegisterPage :83 - enter Firstname [[ChromeDriver: chrome on windows (05731060aa953c5b0145d54aef7a0262)] -> xpath: //input[@id='FirstName']]
2023-07-25 17:07:517 INFO  RegisterPage :95 - enter Lastname [[ChromeDriver: chrome on windows (05731060aa953c5b0145d54aef7a0262)] -> xpath: //input[@id='LastName']]
2023-07-25 17:07:643 INFO  RegisterPage :101 - Select Day [[ChromeDriver: chrome on windows (05731060aa953c5b0145d54aef7a0262)] -> xpath: //select[@name='DateOfBirthDay']]
2023-07-25 17:07:751 INFO  RegisterPage :107 - Select month [[ChromeDriver: chrome on windows (05731060aa953c5b0145d54aef7a0262)] -> xpath: //select[@name='DateOfBirthMonth']]
2023-07-25 17:07:854 INFO  RegisterPage :113 - Select Year [[ChromeDriver: chrome on windows (05731060aa953c5b0145d54aef7a0262)] -> xpath: //select[@name='DateOfBirthYear']]
2023-07-25 17:07:941 INFO  RegisterPage :125 - enter Email [[ChromeDriver: chrome on windows (05731060aa953c5b0145d54aef7a0262)] -> xpath: //input[@id='Email']]
2023-07-25 17:07:379 INFO  HomePage :59 - select All Menu Proxy element for: DefaultElementLocator 'By.xpath: //div[@class='result']'
2023-07-25 17:07:850 INFO  HomePage :31 - click On LoginLink [[ChromeDriver: chrome on windows (0027c63a1b345e2898875d8aa1e00edf)] -> xpath: //a[normalize-space()='Log in']]
2023-07-25 17:07:680 INFO  LoginPage :37 - get Welcome Text [[ChromeDriver: chrome on windows (0027c63a1b345e2898875d8aa1e00edf)] -> xpath: //h1[contains(text(),'Welcome, Please Sign In!')]]
2023-07-25 17:07:722 INFO  HomePage :49 - click On Register Tab [[ChromeDriver: chrome on windows (ae7ba2085af24cf4b76fecb9c3786c09)] -> xpath: //a[normalize-space()='Register']]
2023-07-25 17:07:561 INFO  RegisterPage :177 - get Register Text [[ChromeDriver: chrome on windows (ae7ba2085af24cf4b76fecb9c3786c09)] -> xpath: //h1]
2023-07-25 17:07:627 INFO  HomePage :59 - select All Menu Proxy element for: DefaultElementLocator 'By.xpath: //div[@class='result']'
2023-07-25 17:07:709 INFO  HomePage :49 - click On Register Tab [[ChromeDriver: chrome on windows (f1796cec4d857672dba586b871e085b0)] -> xpath: //a[normalize-space()='Register']]
2023-07-25 17:07:535 INFO  RegisterPage :160 - click On Register Button [[ChromeDriver: chrome on windows (f1796cec4d857672dba586b871e085b0)] -> xpath: //button[@id='register-button']]
2023-07-25 17:07:605 INFO  RegisterPage :182 - get First Name RequiredMessage [[ChromeDriver: chrome on windows (f1796cec4d857672dba586b871e085b0)] -> xpath: //span[@id='FirstName-error']]
2023-07-25 17:07:641 INFO  RegisterPage :187 - get Last Name RequiredMessage [[ChromeDriver: chrome on windows (f1796cec4d857672dba586b871e085b0)] -> xpath: //span[@id='LastName-error']]
2023-07-25 17:07:671 INFO  RegisterPage :192 - get Email RequiredMessage [[ChromeDriver: chrome on windows (f1796cec4d857672dba586b871e085b0)] -> xpath: //span[@id='Email-error']]
2023-07-25 17:07:697 INFO  RegisterPage :197 - get password RequiredMessage [[ChromeDriver: chrome on windows (f1796cec4d857672dba586b871e085b0)] -> xpath: //span[@id='Password-error']]
2023-07-25 17:07:719 INFO  RegisterPage :202 - get confirm password RequiredMessage [[ChromeDriver: chrome on windows (f1796cec4d857672dba586b871e085b0)] -> xpath: //span[@id='ConfirmPassword-error']]
2023-07-25 21:07:105 INFO  HomePage :59 - select All Menu Proxy element for: DefaultElementLocator 'By.xpath: //div[@class='result']'
2023-07-25 21:07:763 INFO  HomePage :31 - click On LoginLink [[ChromeDriver: chrome on windows (6cde0d948c5fee81630ae38634b58220)] -> xpath: //a[normalize-space()='Log in']]
2023-07-25 21:07:544 INFO  LoginPage :37 - get Welcome Text [[ChromeDriver: chrome on windows (6cde0d948c5fee81630ae38634b58220)] -> xpath: //h1[contains(text(),'Welcome, Please Sign In!')]]
2023-07-25 21:07:673 INFO  HomePage :49 - click On Register Tab [[ChromeDriver: chrome on windows (5ce11cbc865e59bb3e036296ed500bdb)] -> xpath: //a[normalize-space()='Register']]
2023-07-25 21:07:494 INFO  RegisterPage :177 - get Register Text [[ChromeDriver: chrome on windows (5ce11cbc865e59bb3e036296ed500bdb)] -> xpath: //h1]
2023-07-25 21:07:145 INFO  HomePage :59 - select All Menu Proxy element for: DefaultElementLocator 'By.xpath: //div[@class='result']'
2023-07-25 21:07:905 INFO  HomePage :49 - click On Register Tab [[ChromeDriver: chrome on windows (e5381c4a97cdc1164f7702888e74b06b)] -> xpath: //a[normalize-space()='Register']]
2023-07-25 21:07:844 INFO  RegisterPage :160 - click On Register Button [[ChromeDriver: chrome on windows (e5381c4a97cdc1164f7702888e74b06b)] -> xpath: //button[@id='register-button']]
2023-07-25 21:07:894 INFO  RegisterPage :182 - get First Name RequiredMessage [[ChromeDriver: chrome on windows (e5381c4a97cdc1164f7702888e74b06b)] -> xpath: //span[@id='FirstName-error']]
2023-07-25 21:07:915 INFO  RegisterPage :187 - get Last Name RequiredMessage [[ChromeDriver: chrome on windows (e5381c4a97cdc1164f7702888e74b06b)] -> xpath: //span[@id='LastName-error']]
2023-07-25 21:07:931 INFO  RegisterPage :192 - get Email RequiredMessage [[ChromeDriver: chrome on windows (e5381c4a97cdc1164f7702888e74b06b)] -> xpath: //span[@id='Email-error']]
2023-07-25 21:07:947 INFO  RegisterPage :197 - get password RequiredMessage [[ChromeDriver: chrome on windows (e5381c4a97cdc1164f7702888e74b06b)] -> xpath: //span[@id='Password-error']]
2023-07-25 21:07:963 INFO  RegisterPage :202 - get confirm password RequiredMessage [[ChromeDriver: chrome on windows (e5381c4a97cdc1164f7702888e74b06b)] -> xpath: //span[@id='ConfirmPassword-error']]
2023-07-25 21:07:271 INFO  HomePage :59 - select All Menu Proxy element for: DefaultElementLocator 'By.xpath: //div[@class='result']'
2023-07-25 21:07:611 INFO  HomePage :62 - select All Menu Proxy element for: DefaultElementLocator 'By.xpath: //div[@class='result']'
2023-07-25 21:07:310 INFO  HomePage :62 - select All Menu Proxy element for: DefaultElementLocator 'By.xpath: //div[@class='result']'
2023-07-25 21:07:656 INFO  HomePage :62 - select All Menu Proxy element for: DefaultElementLocator 'By.xpath: //div[@class='result']'
2023-07-25 21:07:992 INFO  HomePage :62 - select All Menu Proxy element for: DefaultElementLocator 'By.xpath: //div[@class='result']'
2023-07-25 21:07:604 INFO  HomePage :62 - select All Menu Proxy element for: DefaultElementLocator 'By.xpath: //div[@class='result']'
2023-07-25 21:07:840 INFO  HomePage :33 - click On LoginLink [[ChromeDriver: chrome on windows (5160ab932371c48379fe901f2144f06a)] -> xpath: //a[normalize-space()='Log in']]
2023-07-25 21:07:624 INFO  LoginPage :37 - get Welcome Text [[ChromeDriver: chrome on windows (5160ab932371c48379fe901f2144f06a)] -> xpath: //h1[contains(text(),'Welcome, Please Sign In!')]]
2023-07-25 21:07:70 INFO  HomePage :33 - click On LoginLink [[ChromeDriver: chrome on windows (5667f85a36cac26d635cf09f6ba896ae)] -> xpath: //a[normalize-space()='Log in']]
2023-07-25 21:07:832 INFO  LoginPage :42 - enter EmailId [[ChromeDriver: chrome on windows (5667f85a36cac26d635cf09f6ba896ae)] -> xpath: //input[@id='Email']]
2023-07-25 21:07:894 INFO  LoginPage :47 - enter Password [[ChromeDriver: chrome on windows (5667f85a36cac26d635cf09f6ba896ae)] -> xpath: //input[@id='Password']]
2023-07-25 21:07:954 INFO  LoginPage :52 - click On LoginButton [[ChromeDriver: chrome on windows (5667f85a36cac26d635cf09f6ba896ae)] -> xpath: //button[normalize-space()='Log in']]
2023-07-25 21:07:40 INFO  LoginPage :57 - get ErrorMessage Proxy element for: DefaultElementLocator 'By.xpath: //div[@class='message-error validation-summary-errors']'
2023-07-25 21:07:410 INFO  HomePage :33 - click On LoginLink [[ChromeDriver: chrome on windows (532a7b87f6155005f629c576ef63a783)] -> xpath: //a[normalize-space()='Log in']]
2023-07-25 21:07:222 INFO  LoginPage :42 - enter EmailId [[ChromeDriver: chrome on windows (532a7b87f6155005f629c576ef63a783)] -> xpath: //input[@id='Email']]
2023-07-25 21:07:284 INFO  LoginPage :47 - enter Password [[ChromeDriver: chrome on windows (532a7b87f6155005f629c576ef63a783)] -> xpath: //input[@id='Password']]
2023-07-25 21:07:345 INFO  LoginPage :52 - click On LoginButton [[ChromeDriver: chrome on windows (532a7b87f6155005f629c576ef63a783)] -> xpath: //button[normalize-space()='Log in']]
2023-07-25 21:07:378 INFO  HomePage :38 - click On LogoutLink [[ChromeDriver: chrome on windows (532a7b87f6155005f629c576ef63a783)] -> xpath: //a[normalize-space()='Log in']]
2023-07-25 21:07:811 INFO  HomePage :33 - click On LoginLink [[ChromeDriver: chrome on windows (4b027fa6938fd1d88678bc52e4aa2ef6)] -> xpath: //a[normalize-space()='Log in']]
2023-07-25 21:07:981 INFO  LoginPage :42 - enter EmailId [[ChromeDriver: chrome on windows (4b027fa6938fd1d88678bc52e4aa2ef6)] -> xpath: //input[@id='Email']]
2023-07-25 21:07:67 INFO  LoginPage :47 - enter Password [[ChromeDriver: chrome on windows (4b027fa6938fd1d88678bc52e4aa2ef6)] -> xpath: //input[@id='Password']]
2023-07-25 21:07:166 INFO  LoginPage :52 - click On LoginButton [[ChromeDriver: chrome on windows (4b027fa6938fd1d88678bc52e4aa2ef6)] -> xpath: //button[normalize-space()='Log in']]
2023-07-25 21:07:219 INFO  HomePage :43 - login Link Is Displayed [[ChromeDriver: chrome on windows (4b027fa6938fd1d88678bc52e4aa2ef6)] -> xpath: //a[normalize-space()='Log in']]
2023-07-25 21:07:29 INFO  HomePage :51 - click On Register Tab [[ChromeDriver: chrome on windows (2f76f88248064c68485102ef3d9f39ea)] -> xpath: //a[normalize-space()='Register']]
2023-07-25 21:07:789 INFO  RegisterPage :177 - get Register Text [[ChromeDriver: chrome on windows (2f76f88248064c68485102ef3d9f39ea)] -> xpath: //h1]
2023-07-25 21:07:238 INFO  HomePage :51 - click On Register Tab [[ChromeDriver: chrome on windows (714cfb2b5709445c2e5a157273d1d340)] -> xpath: //a[normalize-space()='Register']]
2023-07-25 21:07:131 INFO  RegisterPage :160 - click On Register Button [[ChromeDriver: chrome on windows (714cfb2b5709445c2e5a157273d1d340)] -> xpath: //button[@id='register-button']]
2023-07-25 21:07:180 INFO  RegisterPage :182 - get First Name RequiredMessage [[ChromeDriver: chrome on windows (714cfb2b5709445c2e5a157273d1d340)] -> xpath: //span[@id='FirstName-error']]
2023-07-25 21:07:198 INFO  RegisterPage :187 - get Last Name RequiredMessage [[ChromeDriver: chrome on windows (714cfb2b5709445c2e5a157273d1d340)] -> xpath: //span[@id='LastName-error']]
2023-07-25 21:07:210 INFO  RegisterPage :192 - get Email RequiredMessage [[ChromeDriver: chrome on windows (714cfb2b5709445c2e5a157273d1d340)] -> xpath: //span[@id='Email-error']]
2023-07-25 21:07:225 INFO  RegisterPage :197 - get password RequiredMessage [[ChromeDriver: chrome on windows (714cfb2b5709445c2e5a157273d1d340)] -> xpath: //span[@id='Password-error']]
2023-07-25 21:07:238 INFO  RegisterPage :202 - get confirm password RequiredMessage [[ChromeDriver: chrome on windows (714cfb2b5709445c2e5a157273d1d340)] -> xpath: //span[@id='ConfirmPassword-error']]
2023-07-25 21:07:694 INFO  HomePage :51 - click On Register Tab [[ChromeDriver: chrome on windows (96c924a9c440f63bca11601380f621f5)] -> xpath: //a[normalize-space()='Register']]
2023-07-25 21:07:108 INFO  RegisterPage :71 - Select Gender [[ChromeDriver: chrome on windows (96c924a9c440f63bca11601380f621f5)] -> xpath: //input[@id='gender-female']]
2023-07-25 21:07:298 INFO  RegisterPage :83 - enter Firstname [[ChromeDriver: chrome on windows (96c924a9c440f63bca11601380f621f5)] -> xpath: //input[@id='FirstName']]
2023-07-25 21:07:367 INFO  RegisterPage :95 - enter Lastname [[ChromeDriver: chrome on windows (96c924a9c440f63bca11601380f621f5)] -> xpath: //input[@id='LastName']]
2023-07-25 21:07:434 INFO  RegisterPage :101 - Select Day [[ChromeDriver: chrome on windows (96c924a9c440f63bca11601380f621f5)] -> xpath: //select[@name='DateOfBirthDay']]
2023-07-25 21:07:518 INFO  RegisterPage :107 - Select month [[ChromeDriver: chrome on windows (96c924a9c440f63bca11601380f621f5)] -> xpath: //select[@name='DateOfBirthMonth']]
2023-07-25 21:07:585 INFO  RegisterPage :113 - Select Year [[ChromeDriver: chrome on windows (96c924a9c440f63bca11601380f621f5)] -> xpath: //select[@name='DateOfBirthYear']]
2023-07-25 21:07:652 INFO  RegisterPage :125 - enter Email [[ChromeDriver: chrome on windows (96c924a9c440f63bca11601380f621f5)] -> xpath: //input[@id='Email']]
